<?xml version="1.0" encoding="UTF-8"?>
<!-- Generated by org.testng.reporters.JUnitXMLReporter -->
<testsuite hostname="Olga" ignored="0" name="Surefire test" tests="6" failures="2" timestamp="08 дек 2018 16:34:33 GMT" time="40.215" errors="0">
  <testcase name="shouldAnswerWithTrue on shouldAnswerWithTrue(adapter.AppTest)" time="0.197" classname="adapter.AppTest"/>
  <testcase name="testForSendedMessage on testForSendedMessage(api.AppTest)" time="3.126" classname="api.AppTest">
    <failure type="java.lang.NumberFormatException" message="For input string: &amp;quot;10113576656545766592&amp;quot;">
      <![CDATA[java.lang.NumberFormatException: For input string: "10113576656545766592"
at java.lang.NumberFormatException.forInputString(NumberFormatException.java:65)
at java.lang.Integer.parseInt(Integer.java:583)
at java.lang.Integer.parseInt(Integer.java:615)
at api.App.transformFromStringToInteger(App.java:109)
at api.AppTest.testForSendedMessage(AppTest.java:17)
at org.junit.runners.model.FrameworkMethod$1.runReflectiveCall(FrameworkMethod.java:47)
at org.junit.internal.runners.model.ReflectiveCallable.run(ReflectiveCallable.java:12)
at org.junit.runners.model.FrameworkMethod.invokeExplosively(FrameworkMethod.java:44)
at org.junit.internal.runners.statements.InvokeMethod.evaluate(InvokeMethod.java:17)
at org.junit.runners.ParentRunner.runLeaf(ParentRunner.java:271)
at org.junit.runners.BlockJUnit4ClassRunner.runChild(BlockJUnit4ClassRunner.java:70)
at org.junit.runners.BlockJUnit4ClassRunner.runChild(BlockJUnit4ClassRunner.java:50)
at org.junit.runners.ParentRunner$3.run(ParentRunner.java:238)
at org.junit.runners.ParentRunner$1.schedule(ParentRunner.java:63)
at org.junit.runners.ParentRunner.runChildren(ParentRunner.java:236)
at org.junit.runners.ParentRunner.access$000(ParentRunner.java:53)
at org.junit.runners.ParentRunner$2.evaluate(ParentRunner.java:229)
at org.junit.runners.ParentRunner.run(ParentRunner.java:309)
at org.junit.runner.JUnitCore.run(JUnitCore.java:160)
at org.junit.runner.JUnitCore.run(JUnitCore.java:138)
... Removed 27 stack frames]]>
    </failure>
  </testcase> <!-- testForSendedMessage on testForSendedMessage(api.AppTest) -->
  <testcase name="testForDeletedMessage on testForDeletedMessage(api.AppTest)" time="3.427" classname="api.AppTest"/>
  <testcase name="testForEditedMessage on testForEditedMessage(api.AppTest)" time="3.698" classname="api.AppTest"/>
  <testcase name="testForCheckSendMessage on testForCheckSendMessage(api.AppTest)" time="3.922" classname="api.AppTest"/>
  <testcase name="answerIsShown on answerIsShown(patternpack.AppTest)" time="15.98" classname="patternpack.AppTest">
    <failure type="java.lang.NullPointerException">
      <![CDATA[java.lang.NullPointerException
at org.openqa.selenium.support.pagefactory.DefaultElementLocator.findElement(DefaultElementLocator.java:69)
at org.openqa.selenium.support.pagefactory.internal.LocatingElementHandler.invoke(LocatingElementHandler.java:38)
at com.sun.proxy.$Proxy25.click(Unknown Source)
at patternpack.FindAnswersPage.clickAnswerSearch(FindAnswersPage.java:41)
at patternpack.FactoryAnswer.factoryAnswerAll(FactoryAnswer.java:39)
at patternpack.AppTest.answerIsShown(AppTest.java:29)
at org.junit.runners.model.FrameworkMethod$1.runReflectiveCall(FrameworkMethod.java:47)
at org.junit.internal.runners.model.ReflectiveCallable.run(ReflectiveCallable.java:12)
at org.junit.runners.model.FrameworkMethod.invokeExplosively(FrameworkMethod.java:44)
at org.junit.internal.runners.statements.InvokeMethod.evaluate(InvokeMethod.java:17)
at org.junit.internal.runners.statements.RunBefores.evaluate(RunBefores.java:26)
at org.junit.internal.runners.statements.RunAfters.evaluate(RunAfters.java:27)
at org.junit.runners.ParentRunner.runLeaf(ParentRunner.java:271)
at org.junit.runners.BlockJUnit4ClassRunner.runChild(BlockJUnit4ClassRunner.java:70)
at org.junit.runners.BlockJUnit4ClassRunner.runChild(BlockJUnit4ClassRunner.java:50)
at org.junit.runners.ParentRunner$3.run(ParentRunner.java:238)
at org.junit.runners.ParentRunner$1.schedule(ParentRunner.java:63)
at org.junit.runners.ParentRunner.runChildren(ParentRunner.java:236)
at org.junit.runners.ParentRunner.access$000(ParentRunner.java:53)
at org.junit.runners.ParentRunner$2.evaluate(ParentRunner.java:229)
at org.junit.runners.ParentRunner.run(ParentRunner.java:309)
at org.junit.runner.JUnitCore.run(JUnitCore.java:160)
at org.junit.runner.JUnitCore.run(JUnitCore.java:138)
... Removed 27 stack frames]]>
    </failure>
  </testcase> <!-- answerIsShown on answerIsShown(patternpack.AppTest) -->
</testsuite> <!-- Surefire test -->
