<?xml version="1.0" encoding="UTF-8"?>
<testsuite name="TestSuite" time="69.525" tests="17" errors="0" skipped="0" failures="7">
  <properties>
    <property name="java.runtime.name" value="Java(TM) SE Runtime Environment"/>
    <property name="sun.boot.library.path" value="C:\Program Files\Java\jdk1.8.0_181\jre\bin"/>
    <property name="java.vm.version" value="25.181-b13"/>
    <property name="java.vm.vendor" value="Oracle Corporation"/>
    <property name="maven.multiModuleProjectDirectory" value="D:\PVT_course\finishworkTEST"/>
    <property name="java.vendor.url" value="http://java.oracle.com/"/>
    <property name="path.separator" value=";"/>
    <property name="guice.disable.misplaced.annotation.check" value="true"/>
    <property name="java.vm.name" value="Java HotSpot(TM) 64-Bit Server VM"/>
    <property name="file.encoding.pkg" value="sun.io"/>
    <property name="user.script" value=""/>
    <property name="user.country" value="RU"/>
    <property name="sun.java.launcher" value="SUN_STANDARD"/>
    <property name="sun.os.patch.level" value=""/>
    <property name="java.vm.specification.name" value="Java Virtual Machine Specification"/>
    <property name="user.dir" value="D:\PVT_course\finishworkTEST"/>
    <property name="java.runtime.version" value="1.8.0_181-b13"/>
    <property name="java.awt.graphicsenv" value="sun.awt.Win32GraphicsEnvironment"/>
    <property name="java.endorsed.dirs" value="C:\Program Files\Java\jdk1.8.0_181\jre\lib\endorsed"/>
    <property name="os.arch" value="amd64"/>
    <property name="java.io.tmpdir" value="C:\Users\521F~1\AppData\Local\Temp\"/>
    <property name="line.separator" value="&#10;"/>
    <property name="java.vm.specification.vendor" value="Oracle Corporation"/>
    <property name="user.variant" value=""/>
    <property name="os.name" value="Windows 10"/>
    <property name="classworlds.conf" value="C:\Program Files\maven\apache-maven-3.6.0-bin\apache-maven-3.6.0\bin\..\bin\m2.conf"/>
    <property name="sun.jnu.encoding" value="Cp1251"/>
    <property name="java.library.path" value="C:\Program Files\Java\jdk1.8.0_181\bin;C:\WINDOWS\Sun\Java\bin;C:\WINDOWS\system32;C:\WINDOWS;C:\Program Files (x86)\Common Files\Oracle\Java\javapath;C:\Windows\system32;C:\Windows;C:\Windows\System32\Wbem;C:\Windows\System32\WindowsPowerShell\v1.0\;C:\Program Files (x86)\NVIDIA Corporation\PhysX\Common;C:\WINDOWS\system32;C:\WINDOWS;C:\WINDOWS\System32\Wbem;C:\WINDOWS\System32\WindowsPowerShell\v1.0\;C:\Program Files (x86)\Microsoft SQL Server\Client SDK\ODBC\130\Tools\Binn\;C:\Program Files (x86)\Microsoft SQL Server\140\Tools\Binn\;C:\Program Files (x86)\Microsoft SQL Server\140\DTS\Binn\;C:\Program Files (x86)\Microsoft SQL Server\140\Tools\Binn\ManagementStudio\;C:\Program Files (x86)\Skype\Phone\;C:\WINDOWS\System32\OpenSSH\;C:\Program Files\Java\jdk1.8.0_181\bin;C:\Program Files\Java\jre1.8.0_181\bin;C:\Program Files\Git\cmd;D:\chromeserver\chromedriver_win32 ver2;C:\Program Files\maven\apache-maven-3.6.0-bin\apache-maven-3.6.0\bin;C:\Users\Оля\AppData\Local\Microsoft\WindowsApps;;C:\Users\Оля\AppData\Local\Programs\Fiddler;%USERPROFILE%\AppData\Local\Microsoft\WindowsApps;."/>
    <property name="maven.conf" value="C:\Program Files\maven\apache-maven-3.6.0-bin\apache-maven-3.6.0\bin\../conf"/>
    <property name="java.specification.name" value="Java Platform API Specification"/>
    <property name="java.class.version" value="52.0"/>
    <property name="sun.management.compiler" value="HotSpot 64-Bit Tiered Compilers"/>
    <property name="os.version" value="10.0"/>
    <property name="library.jansi.path" value="C:\Program Files\maven\apache-maven-3.6.0-bin\apache-maven-3.6.0\bin\..\lib\jansi-native"/>
    <property name="user.home" value="C:\Users\Оля"/>
    <property name="user.timezone" value="Europe/Moscow"/>
    <property name="java.awt.printerjob" value="sun.awt.windows.WPrinterJob"/>
    <property name="java.specification.version" value="1.8"/>
    <property name="file.encoding" value="Cp1251"/>
    <property name="user.name" value="Оля"/>
    <property name="java.class.path" value="C:\Program Files\maven\apache-maven-3.6.0-bin\apache-maven-3.6.0\bin\..\boot\plexus-classworlds-2.5.2.jar"/>
    <property name="java.vm.specification.version" value="1.8"/>
    <property name="sun.arch.data.model" value="64"/>
    <property name="java.home" value="C:\Program Files\Java\jdk1.8.0_181\jre"/>
    <property name="sun.java.command" value="org.codehaus.plexus.classworlds.launcher.Launcher test"/>
    <property name="java.specification.vendor" value="Oracle Corporation"/>
    <property name="user.language" value="ru"/>
    <property name="awt.toolkit" value="sun.awt.windows.WToolkit"/>
    <property name="java.vm.info" value="mixed mode"/>
    <property name="java.version" value="1.8.0_181"/>
    <property name="java.ext.dirs" value="C:\Program Files\Java\jdk1.8.0_181\jre\lib\ext;C:\WINDOWS\Sun\Java\lib\ext"/>
    <property name="sun.boot.class.path" value="C:\Program Files\Java\jdk1.8.0_181\jre\lib\resources.jar;C:\Program Files\Java\jdk1.8.0_181\jre\lib\rt.jar;C:\Program Files\Java\jdk1.8.0_181\jre\lib\sunrsasign.jar;C:\Program Files\Java\jdk1.8.0_181\jre\lib\jsse.jar;C:\Program Files\Java\jdk1.8.0_181\jre\lib\jce.jar;C:\Program Files\Java\jdk1.8.0_181\jre\lib\charsets.jar;C:\Program Files\Java\jdk1.8.0_181\jre\lib\jfr.jar;C:\Program Files\Java\jdk1.8.0_181\jre\classes"/>
    <property name="sun.stderr.encoding" value="cp866"/>
    <property name="java.vendor" value="Oracle Corporation"/>
    <property name="maven.home" value="C:\Program Files\maven\apache-maven-3.6.0-bin\apache-maven-3.6.0\bin\.."/>
    <property name="file.separator" value="\"/>
    <property name="java.vendor.url.bug" value="http://bugreport.sun.com/bugreport/"/>
    <property name="sun.cpu.endian" value="little"/>
    <property name="sun.io.unicode.encoding" value="UnicodeLittle"/>
    <property name="sun.stdout.encoding" value="cp866"/>
    <property name="sun.desktop" value="windows"/>
    <property name="sun.cpu.isalist" value="amd64"/>
  </properties>
  <testcase name="feature" classname="ngscenario.CucumberJvmTest" time="8.995"/>
  <testcase name="feature" classname="ngscenario.CucumberJvmTest" time="0.02"/>
  <testcase name="feature" classname="ngscenario.CucumberJvmTest" time="0.01"/>
  <testcase name="feature" classname="pack.CucumberJvmTest" time="0.036"/>
  <testcase name="feature" classname="pack.CucumberJvmTest" time="0.019"/>
  <testcase name="feature" classname="pack.CucumberJvmTest" time="0.013"/>
  <testcase name="testForAddToSpamAllMessages" classname="pack.TestNGForMailBoxMessages" time="0.863">
    <failure type="java.lang.NullPointerException:">java.lang.NullPointerException: null
	at pack.TestNGForMailBoxMessages.makeScreenshot(TestNGForMailBoxMessages.java:104)
	at pack.TestNGForMailBoxMessages.testForAddToSpamAllMessages(TestNGForMailBoxMessages.java:43)
</failure>
    <system-out><![CDATA[
3 Scenarios (&amp#27;[33m3 undefined&amp#27;[0m)
12 Steps (&amp#27;[33m12 undefined&amp#27;[0m)
0m0,000s


You can implement missing steps with the snippets below:

@Given("^I am on the main application page$")
public void i_am_on_the_main_application_page() throws Throwable {
    // Write code here that turns the phrase above into concrete actions
    throw new PendingException();
}

@When("^I fill in the search field text to find list of cafe sites$")
public void i_fill_in_the_search_field_text_to_find_list_of_cafe_sites() throws Throwable {
    // Write code here that turns the phrase above into concrete actions
    throw new PendingException();
}

@When("^I click search button$")
public void i_click_search_button() throws Throwable {
    // Write code here that turns the phrase above into concrete actions
    throw new PendingException();
}

@Then("^I see the first site in the result search list$")
public void i_see_the_first_site_in_the_result_search_list() throws Throwable {
    // Write code here that turns the phrase above into concrete actions
    throw new PendingException();
}

@Given("^I am on main application page$")
public void i_am_on_main_application_page() throws Throwable {
    // Write code here that turns the phrase above into concrete actions
    throw new PendingException();
}

@When("^I fill in the search field text to find list of movie sites$")
public void i_fill_in_the_search_field_text_to_find_list_of_movie_sites() throws Throwable {
    // Write code here that turns the phrase above into concrete actions
    throw new PendingException();
}

@Given("^I am on main application page to find theater site$")
public void i_am_on_main_application_page_to_find_theater_site() throws Throwable {
    // Write code here that turns the phrase above into concrete actions
    throw new PendingException();
}

@When("^I fill in the search field text to find list of theater sites$")
public void i_fill_in_the_search_field_text_to_find_list_of_theater_sites() throws Throwable {
    // Write code here that turns the phrase above into concrete actions
    throw new PendingException();
}

@When("^I click search button to find theater$")
public void i_click_search_button_to_find_theater() throws Throwable {
    // Write code here that turns the phrase above into concrete actions
    throw new PendingException();
}

@Then("^I see the first theater site in the result search list$")
public void i_see_the_first_theater_site_in_the_result_search_list() throws Throwable {
    // Write code here that turns the phrase above into concrete actions
    throw new PendingException();
}

]]></system-out>
    <system-err><![CDATA[Starting ChromeDriver 2.43.600210 (68dcf5eebde37173d4027fa8635e332711d2874a) on port 19912
Only local connections are allowed.
дек 08, 2018 7:33:04 PM org.openqa.selenium.remote.ProtocolHandshake createSession
INFO: Detected dialect: OSS
]]></system-err>
  </testcase>
  <testcase name="testForRemoveFromSpamAllMessages" classname="pack.TestNGForMailBoxMessages" time="1.289">
    <failure type="java.lang.NullPointerException:">java.lang.NullPointerException: null
	at pack.TestNGForMailBoxMessages.makeScreenshot(TestNGForMailBoxMessages.java:104)
	at pack.TestNGForMailBoxMessages.testForRemoveFromSpamAllMessages(TestNGForMailBoxMessages.java:57)
</failure>
    <system-err><![CDATA[Starting ChromeDriver 2.43.600210 (68dcf5eebde37173d4027fa8635e332711d2874a) on port 37329
Only local connections are allowed.
дек 08, 2018 7:33:12 PM org.openqa.selenium.remote.ProtocolHandshake createSession
INFO: Detected dialect: OSS
]]></system-err>
  </testcase>
  <testcase name="testForAddToFlag" classname="pack.TestNGForMailBoxMessages" time="1.292">
    <failure type="java.lang.NullPointerException:">java.lang.NullPointerException: null
	at pack.TestNGForMailBoxMessages.makeScreenshot(TestNGForMailBoxMessages.java:104)
	at pack.TestNGForMailBoxMessages.testForAddToFlag(TestNGForMailBoxMessages.java:70)
</failure>
    <system-err><![CDATA[Starting ChromeDriver 2.43.600210 (68dcf5eebde37173d4027fa8635e332711d2874a) on port 7296
Only local connections are allowed.
дек 08, 2018 7:33:21 PM org.openqa.selenium.remote.ProtocolHandshake createSession
INFO: Detected dialect: OSS
]]></system-err>
  </testcase>
  <testcase name="testForRemoveFromFlag" classname="pack.TestNGForMailBoxMessages" time="1.084">
    <failure type="java.lang.NullPointerException:">java.lang.NullPointerException: null
	at pack.TestNGForMailBoxMessages.makeScreenshot(TestNGForMailBoxMessages.java:104)
	at pack.TestNGForMailBoxMessages.testForRemoveFromFlag(TestNGForMailBoxMessages.java:84)
</failure>
    <system-err><![CDATA[Starting ChromeDriver 2.43.600210 (68dcf5eebde37173d4027fa8635e332711d2874a) on port 19496
Only local connections are allowed.
дек 08, 2018 7:33:32 PM org.openqa.selenium.remote.ProtocolHandshake createSession
INFO: Detected dialect: OSS
]]></system-err>
  </testcase>
  <testcase name="testForAddToTrashMessages" classname="pack.TestNGForMailBoxMessages" time="1.693">
    <failure type="java.lang.NullPointerException:">java.lang.NullPointerException: null
	at pack.TestNGForMailBoxMessages.makeScreenshot(TestNGForMailBoxMessages.java:104)
	at pack.TestNGForMailBoxMessages.testForAddToTrashMessages(TestNGForMailBoxMessages.java:95)
</failure>
    <system-err><![CDATA[Starting ChromeDriver 2.43.600210 (68dcf5eebde37173d4027fa8635e332711d2874a) on port 22833
Only local connections are allowed.
дек 08, 2018 7:33:43 PM org.openqa.selenium.remote.ProtocolHandshake createSession
INFO: Detected dialect: OSS
]]></system-err>
  </testcase>
  <testcase name="shouldAnswerWithTrue on shouldAnswerWithTrue(adapter.AppTest)" classname="adapter.AppTest" time="3.348"/>
  <testcase name="testForSendedMessage on testForSendedMessage(api.AppTest)" classname="api.AppTest" time="6.477">
    <failure message="For input string: &quot;10113576656545766592&quot;" type="java.lang.NumberFormatException">java.lang.NumberFormatException: For input string: "10113576656545766592"
	at java.lang.NumberFormatException.forInputString(NumberFormatException.java:65)
	at java.lang.Integer.parseInt(Integer.java:583)
	at java.lang.Integer.parseInt(Integer.java:615)
	at api.App.transformFromStringToInteger(App.java:109)
	at api.AppTest.testForSendedMessage(AppTest.java:17)
</failure>
    <system-err><![CDATA[log4j:WARN No such property [maxFileSize] in org.apache.log4j.FileAppender.
]]></system-err>
  </testcase>
  <testcase name="testForDeletedMessage on testForDeletedMessage(api.AppTest)" classname="api.AppTest" time="6.781"/>
  <testcase name="testForEditedMessage on testForEditedMessage(api.AppTest)" classname="api.AppTest" time="7.086"/>
  <testcase name="testForCheckSendMessage on testForCheckSendMessage(api.AppTest)" classname="api.AppTest" time="7.274"/>
  <testcase name="answerIsShown on answerIsShown(patternpack.AppTest)" classname="patternpack.AppTest" time="23.307">
    <failure type="java.lang.NullPointerException:">java.lang.NullPointerException: null
	at org.openqa.selenium.support.pagefactory.DefaultElementLocator.findElement(DefaultElementLocator.java:69)
	at org.openqa.selenium.support.pagefactory.internal.LocatingElementHandler.invoke(LocatingElementHandler.java:38)
	at com.sun.proxy.$Proxy25.click(Unknown Source)
	at patternpack.FindAnswersPage.clickAnswerSearch(FindAnswersPage.java:41)
	at patternpack.FactoryAnswer.factoryAnswerAll(FactoryAnswer.java:39)
	at patternpack.AppTest.answerIsShown(AppTest.java:29)
</failure>
    <system-out><![CDATA[No features found at [classpath:pack]
]]></system-out>
    <system-err><![CDATA[Starting ChromeDriver 2.43.600210 (68dcf5eebde37173d4027fa8635e332711d2874a) on port 45007
Only local connections are allowed.
дек 08, 2018 7:34:02 PM org.openqa.selenium.remote.ProtocolHandshake createSession
INFO: Detected dialect: OSS
]]></system-err>
  </testcase>
</testsuite>